Log file open, 07/13/18 15:33:43
LogWindows: Failed to load 'aqProf.dll' (GetLastError=126)
LogWindows: File 'aqProf.dll' does not exist
LogWindows: Failed to load 'VtuneApi.dll' (GetLastError=126)
LogWindows: File 'VtuneApi.dll' does not exist
LogWindows: Failed to load 'VtuneApi32e.dll' (GetLastError=126)
LogWindows: File 'VtuneApi32e.dll' does not exist
LogInit: Display: Running engine for game: Cineforge
LogPlatformFile: Not using cached read wrapper
LogInit: Display: RandInit(-1156367713) SRandInit(-1156367713).
LogInit: Read version file with build ID '3944462'
LogInit: Overriding engine version to CL 4033788, compatible CL 3944462
LogInit: Registered custom module enumerator with build ID '3944462'
LogTaskGraph: Started task graph with 5 named threads and 23 total threads with 3 sets of task threads.
LogStats: Stats thread started at 0.404039
LogD3D11RHI: Aftermath initialized
LogICUInternationalization: Display: ICU TimeZone Detection - Raw Offset: +1:00, Platform Override: ''
LogModuleManager: Display: Found up-to-date module file ../../../Engine/Plugins/2D/Paper2D/Binaries/Win64/UE4Editor-Paper2D.dll (API version 3944462).
LogModuleManager: Display: Found up-to-date module file ../../../Engine/Plugins/2D/Paper2D/Binaries/Win64/UE4Editor-Paper2DEditor.dll (API version 3944462).
LogModuleManager: Display: Found up-to-date module file ../../../Engine/Plugins/2D/Paper2D/Binaries/Win64/UE4Editor-PaperSpriteSheetImporter.dll (API version 3944462).
LogModuleManager: Display: Found up-to-date module file ../../../Engine/Plugins/2D/Paper2D/Binaries/Win64/UE4Editor-PaperTiledImporter.dll (API version 3944462).
LogModuleManager: Display: Found up-to-date module file ../../../Engine/Plugins/2D/Paper2D/Binaries/Win64/UE4Editor-SmartSnapping.dll (API version 3944462).
LogModuleManager: Display: Found up-to-date module file ../../../Engine/Plugins/Blendables/LightPropagationVolume/Binaries/Win64/UE4Editor-LightPropagationVolumeRuntime.dll (API version 3944462).
LogModuleManager: Display: Found up-to-date module file ../../../Engine/Plugins/Blendables/LightPropagationVolume/Binaries/Win64/UE4Editor-LightPropagationVolumeEditor.dll (API version 3944462).
LogModuleManager: Display: Found up-to-date module file ../../../Engine/Plugins/Developer/CLionSourceCodeAccess/Binaries/Win64/UE4Editor-CLionSourceCodeAccess.dll (API version 3944462).
LogModuleManager: Display: Found up-to-date module file ../../../Engine/Plugins/Developer/GitSourceControl/Binaries/Win64/UE4Editor-GitSourceControl.dll (API version 3944462).
LogModuleManager: Display: Found up-to-date module file ../../../Engine/Plugins/Developer/PerforceSourceControl/Binaries/Win64/UE4Editor-PerforceSourceControl.dll (API version 3944462).
LogModuleManager: Display: Found up-to-date module file ../../../Engine/Plugins/Developer/SubversionSourceControl/Binaries/Win64/UE4Editor-SubversionSourceControl.dll (API version 3944462).
LogModuleManager: Display: Found up-to-date module file ../../../Engine/Plugins/Developer/UObjectPlugin/Binaries/Win64/UE4Editor-UObjectPlugin.dll (API version 3944462).
LogModuleManager: Display: Found up-to-date module file ../../../Engine/Plugins/Developer/VisualStudioCodeSourceCodeAccess/Binaries/Win64/UE4Editor-VisualStudioCodeSourceCodeAccess.dll (API version 3944462).
LogModuleManager: Display: Found up-to-date module file ../../../Engine/Plugins/Developer/VisualStudioSourceCodeAccess/Binaries/Win64/UE4Editor-VisualStudioSourceCodeAccess.dll (API version 3944462).
LogModuleManager: Display: Found up-to-date module file ../../../Engine/Plugins/Editor/AssetManagerEditor/Binaries/Win64/UE4Editor-AssetManagerEditor.dll (API version 3944462).
LogModuleManager: Display: Found up-to-date module file ../../../Engine/Plugins/Editor/CryptoKeys/Binaries/Win64/UE4Editor-CryptoKeys.dll (API version 3944462).
LogModuleManager: Display: Found up-to-date module file ../../../Engine/Plugins/Editor/CryptoKeys/Binaries/Win64/UE4Editor-CryptoKeysOpenSSL.dll (API version 3944462).
LogModuleManager: Display: Found up-to-date module file ../../../Engine/Plugins/Editor/DataValidation/Binaries/Win64/UE4Editor-DataValidation.dll (API version 3944462).
LogModuleManager: Display: Found up-to-date module file ../../../Engine/Plugins/Editor/FacialAnimation/Binaries/Win64/UE4Editor-FacialAnimation.dll (API version 3944462).
LogModuleManager: Display: Found up-to-date module file ../../../Engine/Plugins/Editor/FacialAnimation/Binaries/Win64/UE4Editor-FacialAnimationEditor.dll (API version 3944462).
LogModuleManager: Display: Found up-to-date module file ../../../Engine/Plugins/Editor/GameplayTagsEditor/Binaries/Win64/UE4Editor-GameplayTagsEditor.dll (API version 3944462).
LogModuleManager: Display: Found up-to-date module file ../../../Engine/Plugins/Editor/MobileLauncherProfileWizard/Binaries/Win64/UE4Editor-MobileLauncherProfileWizard.dll (API version 3944462).
LogModuleManager: Display: Found up-to-date module file ../../../Engine/Plugins/Editor/PluginBrowser/Binaries/Win64/UE4Editor-PluginBrowser.dll (API version 3944462).
LogModuleManager: Display: Found up-to-date module file ../../../Engine/Plugins/Editor/SpeedTreeImporter/Binaries/Win64/UE4Editor-SpeedTreeImporter.dll (API version 3944462).
LogModuleManager: Display: Found up-to-date module file ../../../Engine/Plugins/Enterprise/DatasmithContent/Binaries/Win64/UE4Editor-DatasmithContent.dll (API version 3944462).
LogModuleManager: Display: Found up-to-date module file ../../../Engine/Plugins/Experimental/AlembicImporter/Binaries/Win64/UE4Editor-AlembicImporter.dll (API version 3944462).
LogModuleManager: Display: Found up-to-date module file ../../../Engine/Plugins/Experimental/AlembicImporter/Binaries/Win64/UE4Editor-AlembicLibrary.dll (API version 3944462).
LogModuleManager: Display: Found up-to-date module file ../../../Engine/Plugins/Experimental/CharacterAI/Binaries/Win64/UE4Editor-CharacterAI.dll (API version 3944462).
LogModuleManager: Display: Found up-to-date module file ../../../Engine/Plugins/Experimental/HTML5Networking/Binaries/Win64/UE4Editor-HTML5Networking.dll (API version 3944462).
LogModuleManager: Display: Found up-to-date module file ../../../Engine/Plugins/Media/AndroidMedia/Binaries/Win64/UE4Editor-AndroidMediaEditor.dll (API version 3944462).
LogModuleManager: Display: Found up-to-date module file ../../../Engine/Plugins/Media/AndroidMedia/Binaries/Win64/UE4Editor-AndroidMediaFactory.dll (API version 3944462).
LogModuleManager: Display: Found up-to-date module file ../../../Engine/Plugins/Media/AvfMedia/Binaries/Win64/UE4Editor-AvfMediaEditor.dll (API version 3944462).
LogModuleManager: Display: Found up-to-date module file ../../../Engine/Plugins/Media/AvfMedia/Binaries/Win64/UE4Editor-AvfMediaFactory.dll (API version 3944462).
LogModuleManager: Display: Found up-to-date module file ../../../Engine/Plugins/Media/AvfMedia/Binaries/Win64/UE4Editor-AvfMediaFactory.dll (API version 3944462).
LogModuleManager: Display: Found up-to-date module file ../../../Engine/Plugins/Media/ImgMedia/Binaries/Win64/UE4Editor-ImgMedia.dll (API version 3944462).
LogModuleManager: Display: Found up-to-date module file ../../../Engine/Plugins/Media/ImgMedia/Binaries/Win64/UE4Editor-ImgMediaEditor.dll (API version 3944462).
LogModuleManager: Display: Found up-to-date module file ../../../Engine/Plugins/Media/ImgMedia/Binaries/Win64/UE4Editor-ImgMediaFactory.dll (API version 3944462).
LogModuleManager: Display: Found up-to-date module file ../../../Engine/Plugins/Media/ImgMedia/Binaries/Win64/UE4Editor-ImgMediaFactory.dll (API version 3944462).
LogModuleManager: Display: Found up-to-date module file ../../../Engine/Plugins/Media/ImgMedia/Binaries/Win64/UE4Editor-OpenExrWrapper.dll (API version 3944462).
LogModuleManager: Display: Found up-to-date module file ../../../Engine/Plugins/Media/LinearTimecode/Binaries/Win64/UE4Editor-LinearTimecode.dll (API version 3944462).
LogModuleManager: Display: Found up-to-date module file ../../../Engine/Plugins/Media/MediaCompositing/Binaries/Win64/UE4Editor-MediaCompositing.dll (API version 3944462).
LogModuleManager: Display: Found up-to-date module file ../../../Engine/Plugins/Media/MediaCompositing/Binaries/Win64/UE4Editor-MediaCompositingEditor.dll (API version 3944462).
LogModuleManager: Display: Found up-to-date module file ../../../Engine/Plugins/Media/MediaPlayerEditor/Binaries/Win64/UE4Editor-MediaPlayerEditor.dll (API version 3944462).
LogModuleManager: Display: Found up-to-date module file ../../../Engine/Plugins/Media/WmfMedia/Binaries/Win64/UE4Editor-WmfMedia.dll (API version 3944462).
LogModuleManager: Display: Found up-to-date module file ../../../Engine/Plugins/Media/WmfMedia/Binaries/Win64/UE4Editor-WmfMediaEditor.dll (API version 3944462).
LogModuleManager: Display: Found up-to-date module file ../../../Engine/Plugins/Media/WmfMedia/Binaries/Win64/UE4Editor-WmfMediaFactory.dll (API version 3944462).
LogModuleManager: Display: Found up-to-date module file ../../../Engine/Plugins/Media/WmfMedia/Binaries/Win64/UE4Editor-WmfMediaFactory.dll (API version 3944462).
LogModuleManager: Display: Found up-to-date module file ../../../Engine/Plugins/Messaging/TcpMessaging/Binaries/Win64/UE4Editor-TcpMessaging.dll (API version 3944462).
LogModuleManager: Display: Found up-to-date module file ../../../Engine/Plugins/Messaging/UdpMessaging/Binaries/Win64/UE4Editor-UdpMessaging.dll (API version 3944462).
LogModuleManager: Display: Found up-to-date module file ../../../Engine/Plugins/MovieScene/ActorSequence/Binaries/Win64/UE4Editor-ActorSequence.dll (API version 3944462).
LogModuleManager: Display: Found up-to-date module file ../../../Engine/Plugins/MovieScene/LevelSequenceEditor/Binaries/Win64/UE4Editor-LevelSequenceEditor.dll (API version 3944462).
LogModuleManager: Display: Found up-to-date module file ../../../Engine/Plugins/MovieScene/MatineeToLevelSequence/Binaries/Win64/UE4Editor-MatineeToLevelSequence.dll (API version 3944462).
LogModuleManager: Display: Found up-to-date module file ../../../Engine/Plugins/NetcodeUnitTest/NetcodeUnitTest/Binaries/Win64/UE4Editor-NetcodeUnitTest.dll (API version 3944462).
LogModuleManager: Display: Found up-to-date module file ../../../Engine/Plugins/NetcodeUnitTest/NUTUnrealEngine4/Binaries/Win64/UE4Editor-NUTUnrealEngine4.dll (API version 3944462).
LogModuleManager: Display: Found up-to-date module file ../../../Engine/Plugins/Online/OnlineSubsystem/Binaries/Win64/UE4Editor-OnlineSubsystem.dll (API version 3944462).
LogModuleManager: Display: Found up-to-date module file ../../../Engine/Plugins/Runtime/AndroidPermission/Binaries/Win64/UE4Editor-AndroidPermission.dll (API version 3944462).
LogModuleManager: Display: Found up-to-date module file ../../../Engine/Plugins/Online/OnlineSubsystemNull/Binaries/Win64/UE4Editor-OnlineSubsystemNull.dll (API version 3944462).
LogModuleManager: Display: Found up-to-date module file ../../../Engine/Plugins/Online/OnlineSubsystemUtils/Binaries/Win64/UE4Editor-OnlineSubsystemUtils.dll (API version 3944462).
LogModuleManager: Display: Found up-to-date module file ../../../Engine/Plugins/Online/OnlineSubsystemUtils/Binaries/Win64/UE4Editor-OnlineBlueprintSupport.dll (API version 3944462).
LogModuleManager: Display: Found up-to-date module file ../../../Engine/Plugins/Runtime/AndroidDeviceProfileSelector/Binaries/Win64/UE4Editor-AndroidDeviceProfileSelector.dll (API version 3944462).
LogModuleManager: Display: Found up-to-date module file ../../../Engine/Plugins/Runtime/AppleARKit/Binaries/Win64/UE4Editor-AppleARKit.dll (API version 3944462).
LogModuleManager: Display: Found up-to-date module file ../../../Engine/Plugins/Runtime/ProceduralMeshComponent/Binaries/Win64/UE4Editor-ProceduralMeshComponent.dll (API version 3944462).
LogModuleManager: Display: Found up-to-date module file ../../../Engine/Plugins/Runtime/ProceduralMeshComponent/Binaries/Win64/UE4Editor-ProceduralMeshComponentEditor.dll (API version 3944462).
LogModuleManager: Display: Found up-to-date module file ../../../Engine/Plugins/Animation/LiveLink/Binaries/Win64/UE4Editor-LiveLink.dll (API version 3944462).
LogModuleManager: Display: Found up-to-date module file ../../../Engine/Plugins/Animation/LiveLink/Binaries/Win64/UE4Editor-LiveLinkEditor.dll (API version 3944462).
LogModuleManager: Display: Found up-to-date module file ../../../Engine/Plugins/Runtime/ArchVisCharacter/Binaries/Win64/UE4Editor-ArchVisCharacter.dll (API version 3944462).
LogModuleManager: Display: Found up-to-date module file ../../../Engine/Plugins/Runtime/AudioCapture/Binaries/Win64/UE4Editor-AudioCapture.dll (API version 3944462).
LogModuleManager: Display: Found up-to-date module file ../../../Engine/Plugins/Runtime/AudioCapture/Binaries/Win64/UE4Editor-AudioCaptureEditor.dll (API version 3944462).
LogModuleManager: Display: Found up-to-date module file ../../../Engine/Plugins/Runtime/CableComponent/Binaries/Win64/UE4Editor-CableComponent.dll (API version 3944462).
LogModuleManager: Display: Found up-to-date module file ../../../Engine/Plugins/Runtime/CustomMeshComponent/Binaries/Win64/UE4Editor-CustomMeshComponent.dll (API version 3944462).
LogModuleManager: Display: Found up-to-date module file ../../../Engine/Plugins/Runtime/ExampleDeviceProfileSelector/Binaries/Win64/UE4Editor-ExampleDeviceProfileSelector.dll (API version 3944462).
LogModuleManager: Display: Found up-to-date module file ../../../Engine/Plugins/Runtime/ImmediatePhysics/Binaries/Win64/UE4Editor-ImmediatePhysics.dll (API version 3944462).
LogModuleManager: Display: Found up-to-date module file ../../../Engine/Plugins/Runtime/ImmediatePhysics/Binaries/Win64/UE4Editor-ImmediatePhysicsEditor.dll (API version 3944462).
LogModuleManager: Display: Found up-to-date module file ../../../Engine/Plugins/Runtime/LocationServicesBPLibrary/Binaries/Win64/UE4Editor-LocationServicesBPLibrary.dll (API version 3944462).
LogModuleManager: Display: Found up-to-date module file ../../../Engine/Plugins/Runtime/MobilePatchingUtils/Binaries/Win64/UE4Editor-MobilePatchingUtils.dll (API version 3944462).
LogModuleManager: Display: Found up-to-date module file ../../../Engine/Plugins/Runtime/Oculus/OculusVR/Binaries/Win64/UE4Editor-OculusHMD.dll (API version 3944462).
LogModuleManager: Display: Found up-to-date module file ../../../Engine/Plugins/Runtime/Oculus/OculusVR/Binaries/Win64/UE4Editor-OculusInput.dll (API version 3944462).
LogModuleManager: Display: Found up-to-date module file ../../../Engine/Plugins/Runtime/Oculus/OculusVR/Binaries/Win64/UE4Editor-OculusEditor.dll (API version 3944462).
LogModuleManager: Display: Found up-to-date module file ../../../Engine/Plugins/Runtime/PhysXVehicles/Binaries/Win64/UE4Editor-PhysXVehicles.dll (API version 3944462).
LogModuleManager: Display: Found up-to-date module file ../../../Engine/Plugins/Runtime/PhysXVehicles/Binaries/Win64/UE4Editor-PhysXVehiclesEditor.dll (API version 3944462).
LogModuleManager: Display: Found up-to-date module file ../../../Engine/Plugins/Runtime/RuntimePhysXCooking/Binaries/Win64/UE4Editor-RuntimePhysXCooking.dll (API version 3944462).
LogModuleManager: Display: Found up-to-date module file ../../../Engine/Plugins/Runtime/Steam/SteamVR/Binaries/Win64/UE4Editor-SteamVR.dll (API version 3944462).
LogModuleManager: Display: Found up-to-date module file ../../../Engine/Plugins/Runtime/Steam/SteamVR/Binaries/Win64/UE4Editor-SteamVRController.dll (API version 3944462).
LogModuleManager: Display: Found up-to-date module file ../../../Engine/Plugins/Runtime/WindowsMoviePlayer/Binaries/Win64/UE4Editor-WindowsMoviePlayer.dll (API version 3944462).
LogPluginManager: Mounting plugin Paper2D
LogPluginManager: Mounting plugin LiveLink
LogPluginManager: Mounting plugin LightPropagationVolume
LogPluginManager: Mounting plugin CLionSourceCodeAccess
LogPluginManager: Mounting plugin CodeLiteSourceCodeAccess
LogPluginManager: Mounting plugin GitSourceControl
LogPluginManager: Mounting plugin KDevelopSourceCodeAccess
LogPluginManager: Mounting plugin NullSourceCodeAccess
LogPluginManager: Mounting plugin PerforceSourceControl
LogPluginManager: Mounting plugin SubversionSourceControl
LogPluginManager: Mounting plugin UObjectPlugin
LogPluginManager: Mounting plugin VisualStudioCodeSourceCodeAccess
LogPluginManager: Mounting plugin VisualStudioSourceCodeAccess
LogPluginManager: Mounting plugin XCodeSourceCodeAccess
LogPluginManager: Mounting plugin AssetManagerEditor
LogPluginManager: Mounting plugin CryptoKeys
LogPluginManager: Mounting plugin DataValidation
LogPluginManager: Mounting plugin FacialAnimation
LogPluginManager: Mounting plugin GameplayTagsEditor
LogPluginManager: Mounting plugin MobileLauncherProfileWizard
LogPluginManager: Mounting plugin PluginBrowser
LogPluginManager: Mounting plugin SpeedTreeImporter
LogPluginManager: Mounting plugin DatasmithContent
LogPluginManager: Mounting plugin AlembicImporter
LogPluginManager: Mounting plugin CharacterAI
LogPluginManager: Mounting plugin HTML5Networking
LogPluginManager: Mounting plugin AndroidMedia
LogPluginManager: Mounting plugin AvfMedia
LogPluginManager: Mounting plugin ImgMedia
LogPluginManager: Mounting plugin LinearTimecode
LogPluginManager: Mounting plugin MediaCompositing
LogPluginManager: Mounting plugin MediaPlayerEditor
LogPluginManager: Mounting plugin WmfMedia
LogPluginManager: Mounting plugin TcpMessaging
LogPluginManager: Mounting plugin UdpMessaging
LogPluginManager: Mounting plugin ActorSequence
LogPluginManager: Mounting plugin LevelSequenceEditor
LogPluginManager: Mounting plugin MatineeToLevelSequence
LogPluginManager: Mounting plugin NetcodeUnitTest
LogPluginManager: Mounting plugin NUTUnrealEngine4
LogPluginManager: Mounting plugin OnlineSubsystemGooglePlay
LogPluginManager: Mounting plugin OnlineSubsystemIOS
LogPluginManager: Mounting plugin OnlineSubsystem
LogPluginManager: Mounting plugin OnlineSubsystemNull
LogPluginManager: Mounting plugin OnlineSubsystemUtils
LogPluginManager: Mounting plugin AndroidDeviceProfileSelector
LogPluginManager: Mounting plugin AndroidMoviePlayer
LogPluginManager: Mounting plugin AndroidPermission
LogPluginManager: Mounting plugin AppleARKit
LogPluginManager: Mounting plugin AppleMoviePlayer
LogPluginManager: Mounting plugin ArchVisCharacter
LogPluginManager: Mounting plugin AudioCapture
LogPluginManager: Mounting plugin CableComponent
LogPluginManager: Mounting plugin CustomMeshComponent
LogPluginManager: Mounting plugin ExampleDeviceProfileSelector
LogPluginManager: Mounting plugin GoogleCloudMessaging
LogPluginManager: Mounting plugin ImmediatePhysics
LogPluginManager: Mounting plugin IOSDeviceProfileSelector
LogPluginManager: Mounting plugin LinuxDeviceProfileSelector
LogPluginManager: Mounting plugin LocationServicesBPLibrary
LogPluginManager: Mounting plugin MobilePatchingUtils
LogPluginManager: Mounting plugin OculusVR
LogPluginManager: Plugin shader directory ../../../Engine/Plugins/Runtime/Oculus/OculusVR/Shaders found
LogPluginManager: Mapping shader source directory ../../../Engine/Plugins/Runtime/Oculus/OculusVR/Shaders to virtual directory /Plugin/OculusVR
LogPluginManager: Mounting plugin PhysXVehicles
LogPluginManager: Mounting plugin ProceduralMeshComponent
LogPluginManager: Mounting plugin RuntimePhysXCooking
LogPluginManager: Mounting plugin SteamVR
LogPluginManager: Mounting plugin WindowsMoviePlayer
LogStreaming: Display: Took  1.232s to configure plugins.
LogInit: Using libcurl 7.47.1
LogInit:  - built for x86_64-pc-win32
LogInit:  - supports SSL with OpenSSL/1.0.2g
LogInit:  - supports HTTP deflate (compression) using libz 1.2.8
LogInit:  - other features:
LogInit:      CURL_VERSION_SSL
LogInit:      CURL_VERSION_LIBZ
LogInit:      CURL_VERSION_IPV6
LogInit:      CURL_VERSION_ASYNCHDNS
LogInit:      CURL_VERSION_LARGEFILE
LogInit:      CURL_VERSION_IDN
LogInit:  CurlRequestOptions (configurable via config and command line):
LogInit:  - bVerifyPeer = false  - Libcurl will NOT verify peer certificate
LogInit:  - bUseHttpProxy = false  - Libcurl will NOT use HTTP proxy
LogInit:  - bDontReuseConnections = false  - Libcurl will reuse connections
LogInit:  - CertBundlePath = nullptr  - Libcurl will use whatever was configured at build time.
LogInit:  - MaxHostConnections = 16  - Libcurl will limit the number of connections to a host
LogInit:  - LocalHostAddr = Default
LogInit: WinSock: version 1.1 (2.2), MaxSocks=32767, MaxUdp=65467
LogInit: WinSock: I am May-PC (10.2.7.62:0)
LogInit: Build: ++UE4+Release-4.19-CL-4033788
LogInit: Engine Version: 4.19.2-4033788+++UE4+Release-4.19
LogInit: Compatible Engine Version: 4.19.0-3944462+++UE4+Release-4.19
LogInit: Net CL: 3944462
LogDevObjectVersion: Number of dev versions registered: 18
LogDevObjectVersion:   Dev-Blueprints (B0D832E4-1F89-4F0D-ACCF-7EB736FD4AA2): 10
LogDevObjectVersion:   Dev-Build (E1C64328-A22C-4D53-A36C-8E866417BD8C): 0
LogDevObjectVersion:   Dev-Core (375EC13C-06E4-48FB-B500-84F0262A717E): 2
LogDevObjectVersion:   Dev-Editor (E4B068ED-F494-42E9-A231-DA0B2E46BB41): 23
LogDevObjectVersion:   Dev-Framework (CFFC743F-43B0-4480-9391-14DF171D2073): 33
LogDevObjectVersion:   Dev-Mobile (B02B49B5-BB20-44E9-A304-32B752E40360): 2
LogDevObjectVersion:   Dev-Networking (A4E4105C-59A1-49B5-A7C5-40C4547EDFEE): 0
LogDevObjectVersion:   Dev-Online (39C831C9-5AE6-47DC-9A44-9C173E1C8E7C): 0
LogDevObjectVersion:   Dev-Physics (78F01B33-EBEA-4F98-B9B4-84EACCB95AA2): 0
LogDevObjectVersion:   Dev-Platform (6631380F-2D4D-43E0-8009-CF276956A95A): 0
LogDevObjectVersion:   Dev-Rendering (12F88B9F-8875-4AFC-A67C-D90C383ABD29): 25
LogDevObjectVersion:   Dev-Sequencer (7B5AE74C-D270-4C10-A958-57980B212A5A): 6
LogDevObjectVersion:   Dev-VR (D7296918-1DD6-4BDD-9DE2-64A83CC13884): 1
LogDevObjectVersion:   Dev-LoadTimes (C2A15278-BFE7-4AFE-6C17-90FF531DF755): 1
LogDevObjectVersion:   Private-Geometry (6EACA3D4-40EC-4CC1-B786-8BED09428FC5): 2
LogDevObjectVersion:   Dev-AnimPhys (29E575DD-E0A3-4627-9D10-D276232CDCEA): 16
LogDevObjectVersion:   Dev-ReflectionCapture (6B266CEC-1EC7-4B8F-A30B-E4D90942FC07): 1
LogDevObjectVersion:   Dev-Automation (0DF73D61-A23F-47EA-B727-89E90C41499A): 1
LogInit: Compiled (64-bit): Apr 27 2018 02:06:57
LogInit: Compiled with Visual C++: 19.00.24215.01
LogInit: Build Configuration: Development
LogInit: Branch Name: ++UE4+Release-4.19
LogInit: Command Line:  
LogInit: Base Directory: C:/Program Files/Epic Games/UE_4.19/Engine/Binaries/Win64/
LogInit: Installed Engine Build: 1
LogStreaming: Display: Took  0.001s to delete old logs.
LogInit: Presizing for max 8388607 objects, including 0 objects not considered by GC, pre-allocating 0 bytes for permanent pool.
LogInit: Object subsystem initialized
[2018.07.13-13.33.45:599][  0]LogInit: Selected Device Profile: [Windows]
[2018.07.13-13.33.45:599][  0]LogInit: Applying CVar settings loaded from the selected device profile: [Windows]
[2018.07.13-13.33.45:631][  0]LogInit: Computer: MAY-PC
[2018.07.13-13.33.45:631][  0]LogInit: User: admin
[2018.07.13-13.33.45:631][  0]LogInit: CPU Page size=4096, Cores=4
[2018.07.13-13.33.45:631][  0]LogInit: High frequency timer resolution =2.531252 MHz
[2018.07.13-13.33.45:632][  0]LogMemory: Memory total: Physical=15.9GB (16GB approx)
[2018.07.13-13.33.45:632][  0]LogMemory: Platform Memory Stats for Windows
[2018.07.13-13.33.45:632][  0]LogMemory: Process Physical Memory: 275.13 MB used, 275.13 MB peak
[2018.07.13-13.33.45:632][  0]LogMemory: Process Virtual Memory: 264.88 MB used, 264.88 MB peak
[2018.07.13-13.33.45:632][  0]LogMemory: Physical Memory: 4900.09 MB used,  11385.39 MB free, 16285.48 MB total
[2018.07.13-13.33.45:632][  0]LogMemory: Virtual Memory: 4794.11 MB used,  11385.39 MB free, 134217728.00 MB total
[2018.07.13-13.33.46:091][  0]LogInit: Using OS detected language (de-DE).
[2018.07.13-13.33.46:092][  0]LogInit: Using OS detected locale (de-DE).
[2018.07.13-13.33.46:099][  0]LogTextLocalizationManager: No localization for 'de-DE' exists, so 'en' will be used for the language.
[2018.07.13-13.33.46:629][  0]LogStreaming: Display: Took  0.538s to EndInitTextLocalization.
[2018.07.13-13.33.46:629][  0]LogInit: Setting process to per monitor DPI aware
[2018.07.13-13.33.46:677][  0]LogSlate: New Slate User Created.  User Index 0, Is Virtual User: 0
[2018.07.13-13.33.46:677][  0]LogSlate: Slate User Registered.  User Index 0, Is Virtual User: 0
[2018.07.13-13.33.46:967][  0]LogD3D11RHI: D3D11 adapters:
[2018.07.13-13.33.46:987][  0]LogD3D11RHI:    0. 'Intel(R) HD Graphics 530' (Feature Level 11_0)
[2018.07.13-13.33.46:987][  0]LogD3D11RHI:       128/0/8142 MB DedicatedVideo/DedicatedSystem/SharedSystem, Outputs:1, VendorId:0x8086
[2018.07.13-13.33.47:100][  0]LogD3D11RHI:    1. 'NVIDIA GeForce GTX 970M' (Feature Level 11_0)
[2018.07.13-13.33.47:100][  0]LogD3D11RHI:       3040/0/8142 MB DedicatedVideo/DedicatedSystem/SharedSystem, Outputs:0, VendorId:0x10de
[2018.07.13-13.33.47:108][  0]LogD3D11RHI:    2. 'Microsoft Basic Render Driver' (Feature Level 11_0)
[2018.07.13-13.33.47:108][  0]LogD3D11RHI:       0/0/8142 MB DedicatedVideo/DedicatedSystem/SharedSystem, Outputs:0, VendorId:0x1414
[2018.07.13-13.33.47:108][  0]LogD3D11RHI: Chosen D3D11 Adapter: 1
[2018.07.13-13.33.47:123][  0]LogD3D11RHI: Creating new Direct3DDevice
[2018.07.13-13.33.47:123][  0]LogD3D11RHI:     GPU DeviceId: 0x13d8 (for the marketing name, search the web for "GPU Device Id")
[2018.07.13-13.33.47:123][  0]LogWindows: EnumDisplayDevices:
[2018.07.13-13.33.47:123][  0]LogWindows:    0. 'Intel(R) HD Graphics 530' (P:1 D:1)
[2018.07.13-13.33.47:124][  0]LogWindows:    1. 'Intel(R) HD Graphics 530' (P:0 D:0)
[2018.07.13-13.33.47:124][  0]LogWindows:    2. 'Intel(R) HD Graphics 530' (P:0 D:0)
[2018.07.13-13.33.47:124][  0]LogWindows: DebugString: GetVideoDriverDetailsInvalid PrimaryIsNotTheChoosenAdapter GetVideoDriverDetailsInvalid PrimaryIsNotTheChoosenAdapter GetVideoDriverDetailsInvalid PrimaryIsNotTheChoosenAdapter FoundDriverCount:0 
[2018.07.13-13.33.47:124][  0]LogD3D11RHI:     Adapter Name: NVIDIA GeForce GTX 970M
[2018.07.13-13.33.47:124][  0]LogD3D11RHI:   Driver Version: Unknown (internal:Unknown, unified:Unknown)
[2018.07.13-13.33.47:124][  0]LogD3D11RHI:      Driver Date: Unknown
[2018.07.13-13.33.47:124][  0]LogRHI: Texture pool is 2128 MB (70% of 3040 MB)
[2018.07.13-13.33.47:175][  0]LogD3D11RHI: [Aftermath] Aftermath enabled but failed to initialize
[2018.07.13-13.33.47:175][  0]LogD3D11RHI: [Aftermath] Aftermath enabled and primed
[2018.07.13-13.33.47:175][  0]LogD3D11RHI: Async texture creation enabled
[2018.07.13-13.33.47:195][  0]LogD3D11RHI: GPU Timing Frequency: 1000.000000 (Debug: 2 1)
[2018.07.13-13.33.47:195][  0]LogShaderCompilers: Guid format shader working directory is -36 characters bigger than the processId version (../../../../../../Users/admin/Documents/GitHub/Warhammer40KTrailer/Cineforge 4.19/Intermediate/Shaders/WorkingDirectory/16240/).
[2018.07.13-13.33.47:196][  0]LogShaderCompilers: Cleaned the shader compiler working directory 'C:/Users/admin/AppData/Local/Temp/UnrealShaderWorkingDir/211C957D46211D4347E2EFB90842F287/'.
[2018.07.13-13.33.47:586][  0]LogTemp: Display: Loaded TP AllDesktopTargetPlatform
[2018.07.13-13.33.47:603][  0]LogTemp: Display: Loaded TP MacClientTargetPlatform
[2018.07.13-13.33.47:620][  0]LogTemp: Display: Loaded TP MacNoEditorTargetPlatform
[2018.07.13-13.33.47:637][  0]LogTemp: Display: Loaded TP MacServerTargetPlatform
[2018.07.13-13.33.47:654][  0]LogTemp: Display: Loaded TP MacTargetPlatform
[2018.07.13-13.33.47:671][  0]LogTemp: Display: Loaded TP WindowsClientTargetPlatform
[2018.07.13-13.33.47:689][  0]LogTemp: Display: Loaded TP WindowsNoEditorTargetPlatform
[2018.07.13-13.33.47:707][  0]LogTemp: Display: Loaded TP WindowsServerTargetPlatform
[2018.07.13-13.33.47:716][  0]LogTemp: Display: Loaded TP WindowsTargetPlatform
[2018.07.13-13.33.47:744][  0]LogTemp: Display: Loaded TP Android_ASTCTargetPlatform
[2018.07.13-13.33.47:765][  0]LogTemp: Display: Loaded TP Android_ATCTargetPlatform
[2018.07.13-13.33.47:783][  0]LogTemp: Display: Loaded TP Android_DXTTargetPlatform
[2018.07.13-13.33.47:798][  0]LogTemp: Display: Loaded TP Android_ETC1aTargetPlatform
[2018.07.13-13.33.47:813][  0]LogTemp: Display: Loaded TP Android_ETC1TargetPlatform
[2018.07.13-13.33.47:829][  0]LogTemp: Display: Loaded TP Android_ETC2TargetPlatform
[2018.07.13-13.33.47:890][  0]LogTemp: Display: Loaded TP Android_MultiTargetPlatform
[2018.07.13-13.33.47:890][  0]LogTemp: Display: Loaded TP Android_PVRTCTargetPlatform
[2018.07.13-13.33.47:934][  0]LogTemp: Display: Loaded TP AndroidTargetPlatform
[2018.07.13-13.33.47:937][  0]LogTemp: Display: Loaded TP HTML5TargetPlatform
[2018.07.13-13.33.47:990][  0]LogTemp: Display: Loaded TP IOSTargetPlatform
[2018.07.13-13.33.48:027][  0]LogTemp: Display: Loaded TP TVOSTargetPlatform
[2018.07.13-13.33.48:052][  0]LogTemp: Display: Loaded TP LinuxClientTargetPlatform
[2018.07.13-13.33.48:076][  0]LogTemp: Display: Loaded TP LinuxNoEditorTargetPlatform
[2018.07.13-13.33.48:105][  0]LogTemp: Display: Loaded TP LinuxServerTargetPlatform
[2018.07.13-13.33.48:132][  0]LogTemp: Display: Loaded TP LinuxTargetPlatform
[2018.07.13-13.33.48:133][  0]LogTargetPlatformManager: Display: Building Assets For Windows
[2018.07.13-13.33.48:292][  0]LogXGEController: Cleaning working directory: C:/Users/admin/AppData/Local/Temp/UnrealXGEWorkingDir/
[2018.07.13-13.33.48:292][  0]LogXGEController: Cannot use XGE Controller as Incredibuild is not installed on this machine.
[2018.07.13-13.33.48:292][  0]LogShaderCompilers: Cannot use XGE Shader Compiler as Incredibuild is not installed on this machine.
[2018.07.13-13.33.48:292][  0]LogShaderCompilers: Display: Using Local Shader Compiler.
[2018.07.13-13.33.49:269][  0]LogDerivedDataCache: Display: Max Cache Size: 512 MB
[2018.07.13-13.33.49:346][  0]LogDerivedDataCache: Loaded boot cache 0.08s 74MB C:/Users/admin/AppData/Local/UnrealEngine/4.19/DerivedDataCache/Boot.ddc.
[2018.07.13-13.33.49:346][  0]LogDerivedDataCache: Display: Loaded Boot cache: C:/Users/admin/AppData/Local/UnrealEngine/4.19/DerivedDataCache/Boot.ddc
[2018.07.13-13.33.49:346][  0]LogDerivedDataCache: FDerivedDataBackendGraph:  Pak pak cache file ../../../../../../Users/admin/Documents/GitHub/Warhammer40KTrailer/Cineforge 4.19/DerivedDataCache/DDC.ddp not found, will not use a pak cache.
[2018.07.13-13.33.49:346][  0]LogDerivedDataCache: Unable to find inner node Pak for hierarchical cache Hierarchy.
[2018.07.13-13.33.49:346][  0]LogDerivedDataCache: FDerivedDataBackendGraph:  CompressedPak pak cache file ../../../../../../Users/admin/Documents/GitHub/Warhammer40KTrailer/Cineforge 4.19/DerivedDataCache/Compressed.ddp not found, will not use a pak cache.
[2018.07.13-13.33.49:346][  0]LogDerivedDataCache: Unable to find inner node CompressedPak for hierarchical cache Hierarchy.
[2018.07.13-13.33.49:366][  0]LogDerivedDataCache: Display: Pak cache opened for reading ../../../Engine/DerivedDataCache/Compressed.ddp.
[2018.07.13-13.33.49:378][  0]LogDerivedDataCache: Using Local data cache path C:/Users/admin/AppData/Local/UnrealEngine/Common/DerivedDataCache: Writable
[2018.07.13-13.33.49:378][  0]LogDerivedDataCache: Shared data cache path not found in *engine.ini, will not use an Shared cache.
[2018.07.13-13.33.49:378][  0]LogDerivedDataCache: Unable to find inner node Shared for hierarchical cache Hierarchy.
[2018.07.13-13.33.49:391][  0]LogMaterial: Verifying Global Shaders for PCD3D_SM5
[2018.07.13-13.33.49:392][  0]LogSlate: Using Freetype 2.6.0
[2018.07.13-13.33.49:392][  0]LogSlate: SlateFontCache - WITH_FREETYPE: 1, WITH_HARFBUZZ: 1
[2018.07.13-13.33.49:392][  0]LogSlate: SlateFontCache - WITH_FREETYPE: 1, WITH_HARFBUZZ: 1
[2018.07.13-13.33.49:577][  0]LogAssetRegistry: FAssetRegistry took 0.0276 seconds to start up
[2018.07.13-13.33.49:971][  0]LogInit: Selected Device Profile: [Windows]
[2018.07.13-13.33.50:238][  0]LogSimplygon: Simplygon DLL not present - disabling.
[2018.07.13-13.33.50:244][  0]LogMeshReduction: Using SimplygonSwarm for distributed automatic mesh merging
[2018.07.13-13.33.50:244][  0]LogMeshReduction: Using QuadricMeshReduction for automatic static mesh reduction
[2018.07.13-13.33.50:244][  0]LogMeshReduction: No automatic skeletal mesh reduction module available
[2018.07.13-13.33.50:244][  0]LogMeshReduction: No automatic mesh merging module available
[2018.07.13-13.33.50:244][  0]LogMeshMerging: No automatic mesh merging module available
[2018.07.13-13.33.50:326][  0]LogNetVersion: Cineforge , NetCL: 3944462, EngineNetVer: 2, GameNetVer: 0 (Checksum: 4224331423)
[2018.07.13-13.33.51:455][  0]LogPackageLocalizationCache: Processed 9 localized package path(s) for 1 prioritized culture(s) in 0.044143 seconds
[2018.07.13-13.33.51:462][  0]LogUObjectArray: 36728 objects as part of root set at end of initial load.
[2018.07.13-13.33.51:462][  0]LogUObjectAllocator: 7314304 out of 0 bytes used by permanent object pool.
[2018.07.13-13.33.51:462][  0]LogUObjectArray: CloseDisregardForGC: 0/0 objects in disregard for GC pool
[2018.07.13-13.33.54:133][  0]LogTcpMessaging: Initializing TcpMessaging bridge
[2018.07.13-13.33.54:198][  0]LogUdpMessaging: Initializing bridge on interface 0.0.0.0:0 to multicast group 230.0.0.1:6666.
[2018.07.13-13.33.54:958][  0]SourceControl: Source control is disabled
[2018.07.13-13.33.56:761][  0]LogAndroidPermission: UAndroidPermissionCallbackProxy::GetInstance
[2018.07.13-13.33.57:168][  0]LogOcInput: OculusInput pre-init called
[2018.07.13-13.33.57:472][  0]LogEngine: Initializing Engine...
[2018.07.13-13.33.57:472][  0]LogHMD: Failed to initialize OpenVR with code 110
[2018.07.13-13.33.57:474][  0]LogStats: UGameplayTagsManager::ConstructGameplayTagTree: Construct from data asset -  0.000 s
[2018.07.13-13.33.57:474][  0]LogStats: UGameplayTagsManager::ConstructGameplayTagTree: GameplayTagTreeChangedEvent.Broadcast -  0.000 s
[2018.07.13-13.33.57:829][  0]LogAIModule: Creating AISystem for world Untitled
[2018.07.13-13.33.57:864][  0]LogInit: XAudio2 using 'Lautsprecher (Realtek High Definition Audio)' : 2 channels at 48 kHz using 16 bits per sample (channel mask 0x3)
[2018.07.13-13.33.58:335][  0]LogInit: FAudioDevice initialized.
[2018.07.13-13.33.58:538][  0]LogDerivedDataCache: Saved boot cache 0.20s 74MB C:/Users/admin/AppData/Local/UnrealEngine/4.19/DerivedDataCache/Boot.ddc.
[2018.07.13-13.33.58:584][  0]LogInit: Texture streaming: Enabled
[2018.07.13-13.33.58:620][  0]LogEngineSessionManager: EngineSessionManager initialized
[2018.07.13-13.33.58:620][  0]LogEngineSessionManager: EngineSessionManager sent abnormal shutdown report. Type=Crashed, SessionId={5B9B0E9D-4ECB-3247-E2E4-6DA98BF98ABD}
[2018.07.13-13.33.58:655][  0]LogWindowsTextInputMethodSystem: Display: IME system now deactivated.
[2018.07.13-13.33.58:765][  0]LogInit: Transaction tracking system initialized
[2018.07.13-13.33.58:864][  0]BlueprintLog: New page: Editor Load
[2018.07.13-13.33.59:124][  0]LocalizationService: Localization service is disabled
[2018.07.13-13.33.59:404][  0]LogConsoleResponse: Display: 
[2018.07.13-13.33.59:630][  0]LogCook: Display: Max memory allowance for cook 16384mb min free memory 0mb
[2018.07.13-13.33.59:630][  0]LogCook: Display: Mobile HDR setting 1
[2018.07.13-13.33.59:630][  0]LogGameplayTags: Display: UGameplayTagsManager::DoneAddingNativeTags. DelegateIsBound: 0
[2018.07.13-13.33.59:630][  0]LogStats: UGameplayTagsManager::ConstructGameplayTagTree: Construct from data asset -  0.000 s
[2018.07.13-13.33.59:630][  0]LogStats: UGameplayTagsManager::ConstructGameplayTagTree: GameplayTagTreeChangedEvent.Broadcast -  0.000 s
[2018.07.13-13.33.59:954][  0]LogFileCache: Scanning file cache for directory 'C:/Users/admin/Documents/GitHub/Warhammer40KTrailer/Cineforge 4.19/Content/' took 0.01s
[2018.07.13-13.34.00:220][  0]Cmd: MAP LOAD FILE="../../../../../../Users/admin/Documents/GitHub/Warhammer40KTrailer/Cineforge 4.19/Content/FirstPersonBP/Maps/FirstPersonExampleMap.umap" TEMPLATE=0 SHOWPROGRESS=1 FEATURELEVEL=3
[2018.07.13-13.34.00:221][  0]LightingResults: New page: Lighting Build
[2018.07.13-13.34.00:225][  0]MapCheck: New page: Map Check
[2018.07.13-13.34.00:225][  0]LightingResults: New page: Lighting Build
[2018.07.13-13.34.00:303][  0]LogUObjectGlobals: Created PersistentFrame Addr=0x000001e75c1663e0, Size=72, Default__FirstPerson_AnimBP_C Function /Game/FirstPerson/Animations/FirstPerson_AnimBP.FirstPerson_AnimBP_C:ExecuteUbergraph_FirstPerson_AnimBP
[2018.07.13-13.34.00:319][  0]LogUObjectGlobals: Destroyed PersistentFrame Addr=0x000001e75c1663e0, Size=72
[2018.07.13-13.34.00:319][  0]LogUObjectGlobals: Created PersistentFrame Addr=0x000001e75c0df920, Size=72, Default__FirstPerson_AnimBP_C Function /Engine/Transient.REINST_FirstPerson_AnimBP_C_0:ExecuteUbergraph_FirstPerson_AnimBP
[2018.07.13-13.34.00:331][  0]LogUObjectGlobals: Created PersistentFrame Addr=0x000001e75bf01a80, Size=72, Default__FirstPerson_AnimBP_C Function /Game/FirstPerson/Animations/FirstPerson_AnimBP.FirstPerson_AnimBP_C:ExecuteUbergraph_FirstPerson_AnimBP
[2018.07.13-13.34.00:417][  0]LogUObjectGlobals: Created PersistentFrame Addr=0x000001e75ebc7700, Size=664, Default__FirstPersonCharacter_C Function /Game/FirstPersonBP/Blueprints/FirstPersonCharacter.FirstPersonCharacter_C:ExecuteUbergraph_FirstPersonCharacter
[2018.07.13-13.34.00:433][  0]LogUObjectGlobals: Destroyed PersistentFrame Addr=0x000001e75ebc7700, Size=664
[2018.07.13-13.34.00:434][  0]LogUObjectGlobals: Created PersistentFrame Addr=0x000001e75ebc7700, Size=664, Default__FirstPersonCharacter_C Function /Engine/Transient.REINST_FirstPersonCharacter_C_4:ExecuteUbergraph_FirstPersonCharacter
[2018.07.13-13.34.00:445][  0]LogUObjectGlobals: Created PersistentFrame Addr=0x000001e75eaffd00, Size=664, Default__FirstPersonCharacter_C Function /Game/FirstPersonBP/Blueprints/FirstPersonCharacter.FirstPersonCharacter_C:ExecuteUbergraph_FirstPersonCharacter
[2018.07.13-13.34.00:556][  0]LogLinker: Warning: Can't find file '/Game/Geometry/Meshes/1M_Cube'
[2018.07.13-13.34.00:556][  0]LogLinker: Warning: Can't find file for asset '/Game/Geometry/Meshes/1M_Cube' while loading ../../../../../../Users/admin/Documents/GitHub/Warhammer40KTrailer/Cineforge 4.19/Content/FirstPersonBP/Maps/FirstPersonExampleMap.umap.
[2018.07.13-13.34.00:556][  0]LoadErrors: Error: /Game/FirstPersonBP/Maps/FirstPersonExampleMap : Can't find file for asset. /Game/Geometry/Meshes/1M_Cube
[2018.07.13-13.34.00:557][  0]LogLinker: Warning: Can't find file '/Game/Geometry/Meshes/1M_Cube'
[2018.07.13-13.34.00:557][  0]LogLinker: Warning: Can't find file for asset '/Game/Geometry/Meshes/1M_Cube' while loading ../../../../../../Users/admin/Documents/GitHub/Warhammer40KTrailer/Cineforge 4.19/Content/FirstPersonBP/Maps/FirstPersonExampleMap.umap.
[2018.07.13-13.34.00:557][  0]LoadErrors: Error: /Game/FirstPersonBP/Maps/FirstPersonExampleMap : Can't find file for asset. /Game/Geometry/Meshes/1M_Cube
[2018.07.13-13.34.00:558][  0]LogLinker: Warning: Can't find file '/Game/Geometry/Meshes/1M_Cube'
[2018.07.13-13.34.00:558][  0]LogLinker: Warning: Can't find file for asset '/Game/Geometry/Meshes/1M_Cube' while loading NULL.
[2018.07.13-13.34.00:558][  0]LogLinker: Warning: Can't find file '/Game/Geometry/Meshes/1M_Cube'
[2018.07.13-13.34.00:558][  0]LogLinker: Warning: Can't find file for asset '/Game/Geometry/Meshes/1M_Cube' while loading NULL.
[2018.07.13-13.34.00:631][  0]LogLinker: Warning: Can't find file '/Game/Geometry/Meshes/1M_Cube'
[2018.07.13-13.34.00:631][  0]LoadErrors: Failed to load /Game/Geometry/Meshes/1M_Cube.1M_Cube Referenced by StaticMeshComponent0
[2018.07.13-13.34.00:632][  0]LogLinker: Warning: Can't find file for asset '/Game/Geometry/Meshes/1M_Cube' while loading NULL.
[2018.07.13-13.34.00:632][  0]LoadErrors: Failed to load /Game/Geometry/Meshes/1M_Cube.1M_Cube Referenced by StaticMeshComponent0
[2018.07.13-13.34.00:632][  0]LogLinker: Warning: Can't find file '/Game/Geometry/Meshes/1M_Cube'
[2018.07.13-13.34.00:632][  0]LoadErrors: Failed to load /Game/Geometry/Meshes/1M_Cube.1M_Cube Referenced by StaticMeshComponent0
[2018.07.13-13.34.00:632][  0]LogLinker: Warning: Can't find file for asset '/Game/Geometry/Meshes/1M_Cube' while loading NULL.
[2018.07.13-13.34.00:632][  0]LoadErrors: Failed to load /Game/Geometry/Meshes/1M_Cube.1M_Cube Referenced by StaticMeshComponent0
[2018.07.13-13.34.00:633][  0]LogLinker: Warning: Can't find file '/Game/Geometry/Meshes/1M_Cube'
[2018.07.13-13.34.00:633][  0]LoadErrors: Failed to load /Game/Geometry/Meshes/1M_Cube.1M_Cube Referenced by StaticMeshComponent0
[2018.07.13-13.34.00:633][  0]LogLinker: Warning: Can't find file for asset '/Game/Geometry/Meshes/1M_Cube' while loading NULL.
[2018.07.13-13.34.00:633][  0]LoadErrors: Failed to load /Game/Geometry/Meshes/1M_Cube.1M_Cube Referenced by StaticMeshComponent0
[2018.07.13-13.34.00:633][  0]LogLinker: Warning: Can't find file '/Game/Geometry/Meshes/1M_Cube'
[2018.07.13-13.34.00:633][  0]LoadErrors: Failed to load /Game/Geometry/Meshes/1M_Cube.1M_Cube Referenced by StaticMeshComponent0
[2018.07.13-13.34.00:634][  0]LogLinker: Warning: Can't find file for asset '/Game/Geometry/Meshes/1M_Cube' while loading NULL.
[2018.07.13-13.34.00:635][  0]LoadErrors: Failed to load /Game/Geometry/Meshes/1M_Cube.1M_Cube Referenced by StaticMeshComponent0
[2018.07.13-13.34.00:635][  0]LogLinker: Warning: Can't find file '/Game/Geometry/Meshes/1M_Cube'
[2018.07.13-13.34.00:635][  0]LoadErrors: Failed to load /Game/Geometry/Meshes/1M_Cube.1M_Cube Referenced by StaticMeshComponent0
[2018.07.13-13.34.00:635][  0]LogLinker: Warning: Can't find file for asset '/Game/Geometry/Meshes/1M_Cube' while loading NULL.
[2018.07.13-13.34.00:635][  0]LoadErrors: Failed to load /Game/Geometry/Meshes/1M_Cube.1M_Cube Referenced by StaticMeshComponent0
[2018.07.13-13.34.00:635][  0]LogLinker: Warning: Can't find file '/Game/Geometry/Meshes/1M_Cube'
[2018.07.13-13.34.00:635][  0]LoadErrors: Failed to load /Game/Geometry/Meshes/1M_Cube.1M_Cube Referenced by StaticMeshComponent0
[2018.07.13-13.34.00:635][  0]LogLinker: Warning: Can't find file for asset '/Game/Geometry/Meshes/1M_Cube' while loading NULL.
[2018.07.13-13.34.00:635][  0]LoadErrors: Failed to load /Game/Geometry/Meshes/1M_Cube.1M_Cube Referenced by StaticMeshComponent0
[2018.07.13-13.34.00:635][  0]LogLinker: Warning: Can't find file '/Game/Geometry/Meshes/1M_Cube'
[2018.07.13-13.34.00:635][  0]LoadErrors: Failed to load /Game/Geometry/Meshes/1M_Cube.1M_Cube Referenced by StaticMeshComponent0
[2018.07.13-13.34.00:635][  0]LogLinker: Warning: Can't find file for asset '/Game/Geometry/Meshes/1M_Cube' while loading NULL.
[2018.07.13-13.34.00:635][  0]LoadErrors: Failed to load /Game/Geometry/Meshes/1M_Cube.1M_Cube Referenced by StaticMeshComponent0
[2018.07.13-13.34.00:635][  0]LogLinker: Warning: Can't find file '/Game/Geometry/Meshes/1M_Cube'
[2018.07.13-13.34.00:635][  0]LoadErrors: Failed to load /Game/Geometry/Meshes/1M_Cube.1M_Cube Referenced by StaticMeshComponent0
[2018.07.13-13.34.00:635][  0]LogLinker: Warning: Can't find file for asset '/Game/Geometry/Meshes/1M_Cube' while loading NULL.
[2018.07.13-13.34.00:635][  0]LoadErrors: Failed to load /Game/Geometry/Meshes/1M_Cube.1M_Cube Referenced by StaticMeshComponent0
[2018.07.13-13.34.00:636][  0]LogLinker: Warning: Can't find file '/Game/Geometry/Meshes/1M_Cube'
[2018.07.13-13.34.00:636][  0]LoadErrors: Failed to load /Game/Geometry/Meshes/1M_Cube.1M_Cube Referenced by StaticMeshComponent0
[2018.07.13-13.34.00:636][  0]LogLinker: Warning: Can't find file for asset '/Game/Geometry/Meshes/1M_Cube' while loading NULL.
[2018.07.13-13.34.00:636][  0]LoadErrors: Failed to load /Game/Geometry/Meshes/1M_Cube.1M_Cube Referenced by StaticMeshComponent0
[2018.07.13-13.34.00:636][  0]LogLinker: Warning: Can't find file '/Game/Geometry/Meshes/1M_Cube'
[2018.07.13-13.34.00:636][  0]LoadErrors: Failed to load /Game/Geometry/Meshes/1M_Cube.1M_Cube Referenced by StaticMeshComponent0
[2018.07.13-13.34.00:636][  0]LogLinker: Warning: Can't find file for asset '/Game/Geometry/Meshes/1M_Cube' while loading NULL.
[2018.07.13-13.34.00:636][  0]LoadErrors: Failed to load /Game/Geometry/Meshes/1M_Cube.1M_Cube Referenced by StaticMeshComponent0
[2018.07.13-13.34.00:636][  0]LogLinker: Warning: Can't find file '/Game/Geometry/Meshes/1M_Cube'
[2018.07.13-13.34.00:637][  0]LoadErrors: Failed to load /Game/Geometry/Meshes/1M_Cube.1M_Cube Referenced by StaticMeshComponent0
[2018.07.13-13.34.00:637][  0]LogLinker: Warning: Can't find file for asset '/Game/Geometry/Meshes/1M_Cube' while loading NULL.
[2018.07.13-13.34.00:637][  0]LoadErrors: Failed to load /Game/Geometry/Meshes/1M_Cube.1M_Cube Referenced by StaticMeshComponent0
[2018.07.13-13.34.00:637][  0]LogLinker: Warning: Can't find file '/Game/Geometry/Meshes/1M_Cube'
[2018.07.13-13.34.00:637][  0]LoadErrors: Failed to load /Game/Geometry/Meshes/1M_Cube.1M_Cube Referenced by StaticMeshComponent0
[2018.07.13-13.34.00:637][  0]LogLinker: Warning: Can't find file for asset '/Game/Geometry/Meshes/1M_Cube' while loading NULL.
[2018.07.13-13.34.00:637][  0]LoadErrors: Failed to load /Game/Geometry/Meshes/1M_Cube.1M_Cube Referenced by StaticMeshComponent0
[2018.07.13-13.34.00:637][  0]LogLinker: Warning: Can't find file '/Game/Geometry/Meshes/1M_Cube'
[2018.07.13-13.34.00:637][  0]LoadErrors: Failed to load /Game/Geometry/Meshes/1M_Cube.1M_Cube Referenced by StaticMeshComponent0
[2018.07.13-13.34.00:638][  0]LogLinker: Warning: Can't find file for asset '/Game/Geometry/Meshes/1M_Cube' while loading NULL.
[2018.07.13-13.34.00:638][  0]LoadErrors: Failed to load /Game/Geometry/Meshes/1M_Cube.1M_Cube Referenced by StaticMeshComponent0
[2018.07.13-13.34.00:638][  0]LogLinker: Warning: Can't find file '/Game/Geometry/Meshes/1M_Cube'
[2018.07.13-13.34.00:638][  0]LoadErrors: Failed to load /Game/Geometry/Meshes/1M_Cube.1M_Cube Referenced by StaticMeshComponent0
[2018.07.13-13.34.00:638][  0]LogLinker: Warning: Can't find file for asset '/Game/Geometry/Meshes/1M_Cube' while loading NULL.
[2018.07.13-13.34.00:638][  0]LoadErrors: Failed to load /Game/Geometry/Meshes/1M_Cube.1M_Cube Referenced by StaticMeshComponent0
[2018.07.13-13.34.00:638][  0]LogLinker: Warning: Can't find file '/Game/Geometry/Meshes/1M_Cube'
[2018.07.13-13.34.00:638][  0]LoadErrors: Failed to load /Game/Geometry/Meshes/1M_Cube.1M_Cube Referenced by StaticMeshComponent0
[2018.07.13-13.34.00:638][  0]LogLinker: Warning: Can't find file for asset '/Game/Geometry/Meshes/1M_Cube' while loading NULL.
[2018.07.13-13.34.00:638][  0]LoadErrors: Failed to load /Game/Geometry/Meshes/1M_Cube.1M_Cube Referenced by StaticMeshComponent0
[2018.07.13-13.34.00:639][  0]LogLinker: Warning: Can't find file '/Game/Geometry/Meshes/1M_Cube'
[2018.07.13-13.34.00:639][  0]LoadErrors: Failed to load /Game/Geometry/Meshes/1M_Cube.1M_Cube Referenced by StaticMeshComponent0
[2018.07.13-13.34.00:639][  0]LogLinker: Warning: Can't find file for asset '/Game/Geometry/Meshes/1M_Cube' while loading NULL.
[2018.07.13-13.34.00:639][  0]LoadErrors: Failed to load /Game/Geometry/Meshes/1M_Cube.1M_Cube Referenced by StaticMeshComponent0
[2018.07.13-13.34.00:639][  0]LogLinker: Warning: Can't find file '/Game/Geometry/Meshes/1M_Cube'
[2018.07.13-13.34.00:639][  0]LoadErrors: Failed to load /Game/Geometry/Meshes/1M_Cube.1M_Cube Referenced by StaticMeshComponent0
[2018.07.13-13.34.00:639][  0]LogLinker: Warning: Can't find file for asset '/Game/Geometry/Meshes/1M_Cube' while loading NULL.
[2018.07.13-13.34.00:639][  0]LoadErrors: Failed to load /Game/Geometry/Meshes/1M_Cube.1M_Cube Referenced by StaticMeshComponent0
[2018.07.13-13.34.00:640][  0]LogLinker: Warning: Can't find file '/Game/Geometry/Meshes/1M_Cube'
[2018.07.13-13.34.00:640][  0]LoadErrors: Failed to load /Game/Geometry/Meshes/1M_Cube.1M_Cube Referenced by StaticMeshComponent0
[2018.07.13-13.34.00:640][  0]LogLinker: Warning: Can't find file for asset '/Game/Geometry/Meshes/1M_Cube' while loading NULL.
[2018.07.13-13.34.00:640][  0]LoadErrors: Failed to load /Game/Geometry/Meshes/1M_Cube.1M_Cube Referenced by StaticMeshComponent0
[2018.07.13-13.34.00:640][  0]LogLinker: Warning: Can't find file '/Game/Geometry/Meshes/1M_Cube'
[2018.07.13-13.34.00:640][  0]LoadErrors: Failed to load /Game/Geometry/Meshes/1M_Cube.1M_Cube Referenced by StaticMeshComponent0
[2018.07.13-13.34.00:640][  0]LogLinker: Warning: Can't find file for asset '/Game/Geometry/Meshes/1M_Cube' while loading NULL.
[2018.07.13-13.34.00:640][  0]LoadErrors: Failed to load /Game/Geometry/Meshes/1M_Cube.1M_Cube Referenced by StaticMeshComponent0
[2018.07.13-13.34.00:640][  0]LogLinker: Warning: Can't find file '/Game/Geometry/Meshes/1M_Cube'
[2018.07.13-13.34.00:640][  0]LoadErrors: Failed to load /Game/Geometry/Meshes/1M_Cube.1M_Cube Referenced by StaticMeshComponent0
[2018.07.13-13.34.00:641][  0]LogLinker: Warning: Can't find file for asset '/Game/Geometry/Meshes/1M_Cube' while loading NULL.
[2018.07.13-13.34.00:641][  0]LoadErrors: Failed to load /Game/Geometry/Meshes/1M_Cube.1M_Cube Referenced by StaticMeshComponent0
[2018.07.13-13.34.00:641][  0]LogLinker: Warning: Can't find file '/Game/Geometry/Meshes/1M_Cube'
[2018.07.13-13.34.00:641][  0]LoadErrors: Failed to load /Game/Geometry/Meshes/1M_Cube.1M_Cube Referenced by StaticMeshComponent0
[2018.07.13-13.34.00:641][  0]LogLinker: Warning: Can't find file for asset '/Game/Geometry/Meshes/1M_Cube' while loading NULL.
[2018.07.13-13.34.00:641][  0]LoadErrors: Failed to load /Game/Geometry/Meshes/1M_Cube.1M_Cube Referenced by StaticMeshComponent0
[2018.07.13-13.34.00:725][  0]LogSkeletalMesh: Skeletal Mesh found in DDC [5.592094ms] /Game/FirstPerson/FPWeapon/Mesh/SK_FPGun.SK_FPGun
[2018.07.13-13.34.00:744][  0]LogSkeletalMesh: Skeletal Mesh found in DDC [6.701822ms] /Game/FirstPerson/Character/Mesh/SK_Mannequin_Arms.SK_Mannequin_Arms
[2018.07.13-13.34.00:867][  0]LogAIModule: Creating AISystem for world FirstPersonExampleMap
[2018.07.13-13.34.00:878][  0]LogEditorServer: Finished looking for orphan Actors (0.000 secs)
[2018.07.13-13.34.00:894][  0]LogUObjectGlobals: Destroyed PersistentFrame Addr=0x000001e75c0df920, Size=72
[2018.07.13-13.34.00:895][  0]LogUObjectGlobals: Destroyed PersistentFrame Addr=0x000001e75ebc7700, Size=664
[2018.07.13-13.34.00:896][  0]Cmd: MAP CHECKDEP NOCLEARLOG
[2018.07.13-13.34.00:981][  0]MapCheck: Map check complete: 0 Error(s), 0 Warning(s), took 84,545ms to complete.
[2018.07.13-13.34.00:981][  0]LogFileHelpers: Loading map 'FirstPersonExampleMap' took 0.761
[2018.07.13-13.34.01:163][  0]LogCollectionManager: Loaded 0 collections in 0.003357 seconds
[2018.07.13-13.34.01:209][  0]LogFileCache: Scanning file cache for directory 'C:/Users/admin/Documents/GitHub/Warhammer40KTrailer/Cineforge 4.19/Saved/Collections/' took 0.01s
[2018.07.13-13.34.01:209][  0]LogFileCache: Scanning file cache for directory 'C:/Users/admin/Documents/GitHub/Warhammer40KTrailer/Cineforge 4.19/Content/Developers/admin/Collections/' took 0.01s
[2018.07.13-13.34.01:209][  0]LogFileCache: Scanning file cache for directory 'C:/Users/admin/Documents/GitHub/Warhammer40KTrailer/Cineforge 4.19/Content/Collections/' took 0.01s
[2018.07.13-13.34.01:209][  0]LogCollectionManager: Rebuilt the GUID cache for 0 collections in 0.000000 seconds
[2018.07.13-13.34.01:228][  0]LogContentBrowser: Native class hierarchy populated in 0.0186 seconds. Added 2452 classes and 558 folders.
[2018.07.13-13.34.01:241][  0]LogContentBrowser: Native class hierarchy updated for 'WidgetCarousel' in 0.0004 seconds. Added 0 classes and 0 folders.
[2018.07.13-13.34.01:332][  0]LogContentBrowser: Native class hierarchy updated for 'AddContentDialog' in 0.0004 seconds. Added 0 classes and 0 folders.
[2018.07.13-13.34.01:344][  0]LogContentBrowser: Native class hierarchy updated for 'SceneOutliner' in 0.0004 seconds. Added 1 classes and 2 folders.
[2018.07.13-13.34.01:476][  0]LogSlate: Took 0.000270 seconds to synchronously load lazily loaded font '../../../Engine/Content/Slate/Fonts/Roboto-Regular.ttf' (155K)
[2018.07.13-13.34.01:479][  0]LogSlate: Took 0.000251 seconds to synchronously load lazily loaded font '../../../Engine/Content/Slate/Fonts/Roboto-Bold.ttf' (160K)
[2018.07.13-13.34.01:489][  0]LogSlate: Took 0.000313 seconds to synchronously load lazily loaded font '../../../Engine/Content/Editor/Slate/Fonts/FontAwesome.ttf' (139K)
[2018.07.13-13.34.01:618][  0]LogRenderer: Reallocating scene render targets to support 1224x632 Format 10 NumSamples 1 (Frame:1).
[2018.07.13-13.34.01:793][  0]LogContentBrowser: Native class hierarchy updated for 'HierarchicalLODOutliner' in 0.0003 seconds. Added 0 classes and 0 folders.
[2018.07.13-13.34.01:793][  0]LogLoad: (Engine Initialization) Total time: 19.43 seconds
[2018.07.13-13.34.01:793][  0]LogLoad: (Engine Initialization) Total Blueprint compile time: 0.00 seconds
[2018.07.13-13.34.01:836][  0]LogContentStreaming: Texture pool size now 1000 MB
[2018.07.13-13.34.01:840][  0]LogSlate: FSceneViewport::OnFocusLost() reason 2
[2018.07.13-13.34.01:891][  0]LogSlate: Took 0.000279 seconds to synchronously load lazily loaded font '../../../Engine/Content/Slate/Fonts/Roboto-Light.ttf' (167K)
[2018.07.13-13.34.01:919][  1]LogAssetRegistry: Asset discovery search completed in 12.3643 seconds
[2018.07.13-13.34.01:921][  1]LogCollectionManager: Rebuilt the object cache for 0 collections in 0.000000 seconds (found 0 objects)
[2018.07.13-13.34.01:921][  1]LogCollectionManager: Fixed up redirectors for 0 collections in 0.000088 seconds (updated 0 objects)
[2018.07.13-13.34.04:768][ 81]LogSlate: Window 'Message Log' being destroyed
[2018.07.13-13.34.04:807][ 81]LogSlate: Window 'Message Log' being destroyed
[2018.07.13-13.34.07:119][182]LogSlate: FSceneViewport::OnFocusLost() reason 0
[2018.07.13-13.34.07:320][187]LogSlate: Took 0.000222 seconds to synchronously load lazily loaded font '../../../Engine/Content/Slate/Fonts/Roboto-Light.ttf' (167K)
[2018.07.13-13.34.07:477][187]LogAIModule: Creating AISystem for world Cineforge_world
[2018.07.13-13.34.07:525][187]Cmd: MAP LOAD FILE="../../../../../../Users/admin/Documents/GitHub/Warhammer40KTrailer/Cineforge 4.19/Content/Cineforge/Cineforge_world.umap" TEMPLATE=0 SHOWPROGRESS=1 FEATURELEVEL=3
[2018.07.13-13.34.07:525][187]LightingResults: New page: Lighting Build
[2018.07.13-13.34.07:525][187]LoadErrors: New page: Loading map: Cineforge_world.umap
[2018.07.13-13.34.07:526][187]MapCheck: New page: Map Check
[2018.07.13-13.34.07:526][187]LightingResults: New page: Lighting Build
[2018.07.13-13.34.07:924][187]LogEditorServer: Finished looking for orphan Actors (0.000 secs)
[2018.07.13-13.34.07:960][187]Cmd: MAP CHECKDEP NOCLEARLOG
[2018.07.13-13.34.08:050][187]MapCheck: Map check complete: 0 Error(s), 0 Warning(s), took 90,223ms to complete.
[2018.07.13-13.34.08:050][187]LogFileHelpers: Loading map 'Cineforge_world' took 0.526
[2018.07.13-13.34.16:501][595]LogSlate: FSceneViewport::OnFocusLost() reason 0
[2018.07.13-13.34.21:649][776]SourceControl: fatal: C:/Program Files/Epic Games/UE_4.19/Engine/Content: 'C:/Program Files/Epic Games/UE_4.19/Engine/Content' is outside repository
[2018.07.13-13.34.21:825][776]EditorErrors: Warning: No assets to check in!
[2018.07.13-13.35.29:359][102]LogSlate: FSceneViewport::OnFocusLost() reason 2
[2018.07.13-13.35.30:544][127]LogSlate: FSceneViewport::OnFocusLost() reason 2
[2018.07.13-13.35.43:837][464]LogSlate: Window 'Source Control Login' being destroyed
[2018.07.13-13.35.46:216][533]LogSlate: FSceneViewport::OnFocusLost() reason 2
[2018.07.13-13.35.48:447][586]SourceControl: fatal: C:/Program Files/Epic Games/UE_4.19/Engine/Content: 'C:/Program Files/Epic Games/UE_4.19/Engine/Content' is outside repository
[2018.07.13-13.35.48:614][586]EditorErrors: Warning: No assets to check in!
[2018.07.13-13.35.50:747][643]LogEditorViewport: Clicking on Actor (LMB): Landscape (Landscape1)
[2018.07.13-13.35.55:714][784]LogSlate: FSceneViewport::OnFocusLost() reason 0
[2018.07.13-13.36.10:168][327]LogSlate: FSceneViewport::OnFocusLost() reason 0
[2018.07.13-13.36.39:808][455]LogEditorViewport: Clicking on Actor (LMB): Actor (Actor)
[2018.07.13-13.36.40:521][481]Cmd: DELETE
[2018.07.13-13.36.40:521][481]Cmd: ACTOR DELETE
[2018.07.13-13.36.40:541][481]LogEditorActor: Deleted Actor: Actor
[2018.07.13-13.36.40:582][481]LogEditorActor: Deleted 1 Actors (0.060 secs)
[2018.07.13-13.36.42:072][532]LogSlate: FSceneViewport::OnFocusLost() reason 0
[2018.07.13-13.36.42:309][536]LogActorFactory: Actor Factory created Sphere
[2018.07.13-13.36.43:429][569]LogActorFactory: Actor Factory created Sphere
[2018.07.13-13.36.46:352][655]LogSlate: FSceneViewport::OnFocusLost() reason 0
[2018.07.13-13.36.57:705][ 19]LogSlate: FSceneViewport::OnFocusLost() reason 0
[2018.07.13-13.36.58:092][ 21]LogSlate: FSceneViewport::OnFocusLost() reason 2
[2018.07.13-13.36.58:682][ 21]LogSavePackage: Save=490.29ms
[2018.07.13-13.36.58:682][ 21]LogSavePackage: Moving '../../../../../../Users/admin/Documents/GitHub/Warhammer40KTrailer/Cineforge 4.19/Saved/Cineforge_world240ECF784C5EB4E6192C1A90BC50EA7C.tmp' to '../../../../../../Users/admin/Documents/GitHub/Warhammer40KTrailer/Cineforge 4.19/Content/Cineforge/Cineforge_world.umap'
[2018.07.13-13.36.58:685][ 21]LogSavePackage: Display: Finished SavePackage ../../../../../../Users/admin/Documents/GitHub/Warhammer40KTrailer/Cineforge 4.19/Content/Cineforge/Cineforge_world.umap
[2018.07.13-13.37.00:427][ 21]LogSavePackage: Save=1594.71ms
[2018.07.13-13.37.00:427][ 21]LogSavePackage: Moving '../../../../../../Users/admin/Documents/GitHub/Warhammer40KTrailer/Cineforge 4.19/Saved/Cineforge_world_BuiltData71608902444F2F6FF11A8295F4C40130.tmp' to '../../../../../../Users/admin/Documents/GitHub/Warhammer40KTrailer/Cineforge 4.19/Content/Cineforge/Cineforge_world_BuiltData.uasset'
[2018.07.13-13.37.00:435][ 21]LogSavePackage: Display: Finished SavePackage ../../../../../../Users/admin/Documents/GitHub/Warhammer40KTrailer/Cineforge 4.19/Content/Cineforge/Cineforge_world_BuiltData.uasset
[2018.07.13-13.37.11:485][373]SourceControl: fatal: C:/Program Files/Epic Games/UE_4.19/Engine/Content: 'C:/Program Files/Epic Games/UE_4.19/Engine/Content' is outside repository
[2018.07.13-13.37.22:484][373]LogSlate: Window 'Submit Files' being destroyed
[2018.07.13-13.37.23:103][373]LogSourceControl: commit successful: [Landscape 24d8de6] Landscape edit
[2018.07.13-13.37.23:186][373]SourceControl: [Landscape 24d8de6] Landscape edit
[2018.07.13-13.37.23:186][373]SourceControl:  1 file changed, 0 insertions(+), 0 deletions(-)
[2018.07.13-13.37.23:186][373]SourceControl:  create mode 100644 Cineforge 4.19/Content/FirstPersonBP/FirstPersonOverview.uasset
[2018.07.13-13.37.23:200][373]SourceControl: Commited [Landscape 24d8de6] Landscape edit.
[2018.07.13-13.46.41:166][915]LogSavePackage: Save=285.26ms
[2018.07.13-13.46.41:166][915]LogSavePackage: Moving '../../../../../../Users/admin/Documents/GitHub/Warhammer40KTrailer/Cineforge 4.19/Saved/Cineforge_world_Auto1907131EE4869DC90A8C45EAD8802228B.tmp' to '../../../../../../Users/admin/Documents/GitHub/Warhammer40KTrailer/Cineforge 4.19/Saved/Autosaves/Game/Cineforge/Cineforge_world_Auto1.umap'
[2018.07.13-13.46.41:167][915]LogSavePackage: Display: Finished SavePackage ../../../../../../Users/admin/Documents/GitHub/Warhammer40KTrailer/Cineforge 4.19/Saved/Autosaves/Game/Cineforge/Cineforge_world_Auto1.umap
[2018.07.13-13.46.41:168][915]LogFileHelpers: Editor autosave (incl. sublevels) for '/Game/Cineforge/Cineforge_world' took 0.347
[2018.07.13-13.46.41:168][915]LogFileHelpers: Editor autosave (incl. sublevels) for all levels took 0.347
[2018.07.13-13.52.37:617][160]SourceControl: fatal: C:/Program Files/Epic Games/UE_4.19/Engine/Content: 'C:/Program Files/Epic Games/UE_4.19/Engine/Content' is outside repository
[2018.07.13-13.52.38:196][160]EditorErrors: Warning: No assets to check in!
[2018.07.13-13.52.45:243][447]LogEditorViewport: Clicking on Actor (LMB): Landscape (Landscape_final)
[2018.07.13-13.52.45:786][465]LogEditorViewport: Clicking on Actor (LMB): StaticMeshActor (Sphere)
[2018.07.13-13.52.46:474][483]Cmd: DELETE
[2018.07.13-13.52.46:474][483]Cmd: ACTOR DELETE
[2018.07.13-13.52.46:491][483]LogEditorActor: Deleted Actor: StaticMeshActor
[2018.07.13-13.52.46:541][483]LogEditorActor: Deleted 1 Actors (0.066 secs)
[2018.07.13-13.52.48:076][557]LogSlate: FSceneViewport::OnFocusLost() reason 2
[2018.07.13-13.52.52:811][756]SourceControl: fatal: C:/Program Files/Epic Games/UE_4.19/Engine/Content: 'C:/Program Files/Epic Games/UE_4.19/Engine/Content' is outside repository
[2018.07.13-13.52.53:337][756]EditorErrors: Warning: No assets to check in!
[2018.07.13-13.53.00:256][ 90]LogSlate: FSceneViewport::OnFocusLost() reason 0
[2018.07.13-13.53.02:678][190]LogSlate: Window 'Message Log' being destroyed
[2018.07.13-13.53.02:700][190]LogSlate: Window 'Message Log' being destroyed
[2018.07.13-13.53.05:626][332]LogSlate: FSceneViewport::OnFocusLost() reason 0
[2018.07.13-13.53.06:037][337]LogSlate: FSceneViewport::OnFocusLost() reason 2
[2018.07.13-13.53.07:079][337]LogSavePackage: Save=939.09ms
[2018.07.13-13.53.07:080][337]LogSavePackage: Moving '../../../../../../Users/admin/Documents/GitHub/Warhammer40KTrailer/Cineforge 4.19/Saved/Cineforge_worldBB074D644BB9EE434ED036867FBEA9CB.tmp' to '../../../../../../Users/admin/Documents/GitHub/Warhammer40KTrailer/Cineforge 4.19/Content/Cineforge/Cineforge_world.umap'
[2018.07.13-13.53.07:091][337]LogSavePackage: Display: Finished SavePackage ../../../../../../Users/admin/Documents/GitHub/Warhammer40KTrailer/Cineforge 4.19/Content/Cineforge/Cineforge_world.umap
[2018.07.13-13.53.09:915][337]LogSavePackage: Save=2237.44ms
[2018.07.13-13.53.09:915][337]LogSavePackage: Moving '../../../../../../Users/admin/Documents/GitHub/Warhammer40KTrailer/Cineforge 4.19/Saved/Cineforge_world_BuiltDataAB173D314C8DE844FCE606B8EB02A7CC.tmp' to '../../../../../../Users/admin/Documents/GitHub/Warhammer40KTrailer/Cineforge 4.19/Content/Cineforge/Cineforge_world_BuiltData.uasset'
[2018.07.13-13.53.09:923][337]LogSavePackage: Display: Finished SavePackage ../../../../../../Users/admin/Documents/GitHub/Warhammer40KTrailer/Cineforge 4.19/Content/Cineforge/Cineforge_world_BuiltData.uasset
[2018.07.13-13.53.16:408][613]SourceControl: fatal: C:/Program Files/Epic Games/UE_4.19/Engine/Content: 'C:/Program Files/Epic Games/UE_4.19/Engine/Content' is outside repository
[2018.07.13-13.53.17:014][613]EditorErrors: Warning: No assets to check in!
